# JRE version: Java(TM) SE Runtime Environment (8.0_301-b09) (build 1.8.0_301-b09)
# Java VM: Java HotSpot(TM) 64-Bit Server VM (25.301-b09 mixed mode windows-amd64 compressed oops)
Heap:
 PSYoungGen      total 104448K, used 6271K [0x000000076b780000, 0x0000000775680000, 0x00000007c0000000)
  eden space 93696K, 6% used [0x000000076b780000,0x000000076bd9fdc0,0x0000000771300000)
  from space 10752K, 0% used [0x0000000771300000,0x0000000771300000,0x0000000771d80000)
  to   space 10752K, 0% used [0x0000000774c00000,0x0000000774c00000,0x0000000775680000)
 ParOldGen       total 169472K, used 14719K [0x00000006c2600000, 0x00000006ccb80000, 0x000000076b780000)
  object space 169472K, 8% used [0x00000006c2600000,0x00000006c345fc88,0x00000006ccb80000)
 Metaspace       used 33547K, capacity 35974K, committed 36096K, reserved 1081344K
  class space    used 4574K, capacity 5022K, committed 5120K, reserved 1048576K
GC Heap History (10 events):
Event: 1.193 GC heap before
{Heap before GC invocations=3 (full 1):
 PSYoungGen      total 75776K, used 10530K [0x000000076b780000, 0x0000000774b80000, 0x00000007c0000000)
  eden space 65024K, 0% used [0x000000076b780000,0x000000076b780000,0x000000076f700000)
  from space 10752K, 97% used [0x0000000770180000,0x0000000770bc8888,0x0000000770c00000)
  to   space 10752K, 0% used [0x000000076f700000,0x000000076f700000,0x0000000770180000)
 ParOldGen       total 173568K, used 24K [0x00000006c2600000, 0x00000006ccf80000, 0x000000076b780000)
  object space 173568K, 0% used [0x00000006c2600000,0x00000006c2606000,0x00000006ccf80000)
 Metaspace       used 20289K, capacity 21204K, committed 21296K, reserved 1067008K
  class space    used 2674K, capacity 2894K, committed 2944K, reserved 1048576K
Event: 1.216 GC heap after
Heap after GC invocations=3 (full 1):
 PSYoungGen      total 75776K, used 0K [0x000000076b780000, 0x0000000774b80000, 0x00000007c0000000)
  eden space 65024K, 0% used [0x000000076b780000,0x000000076b780000,0x000000076f700000)
  from space 10752K, 0% used [0x0000000770180000,0x0000000770180000,0x0000000770c00000)
  to   space 10752K, 0% used [0x000000076f700000,0x000000076f700000,0x0000000770180000)
 ParOldGen       total 108544K, used 10104K [0x00000006c2600000, 0x00000006c9000000, 0x000000076b780000)
  object space 108544K, 9% used [0x00000006c2600000,0x00000006c2fde100,0x00000006c9000000)
 Metaspace       used 20289K, capacity 21204K, committed 21296K, reserved 1067008K
  class space    used 2674K, capacity 2894K, committed 2944K, reserved 1048576K
}
Event: 1.652 GC heap before
{Heap before GC invocations=4 (full 1):
 PSYoungGen      total 75776K, used 65024K [0x000000076b780000, 0x0000000774b80000, 0x00000007c0000000)
  eden space 65024K, 100% used [0x000000076b780000,0x000000076f700000,0x000000076f700000)
  from space 10752K, 0% used [0x0000000770180000,0x0000000770180000,0x0000000770c00000)
  to   space 10752K, 0% used [0x000000076f700000,0x000000076f700000,0x0000000770180000)
 ParOldGen       total 108544K, used 10104K [0x00000006c2600000, 0x00000006c9000000, 0x000000076b780000)
  object space 108544K, 9% used [0x00000006c2600000,0x00000006c2fde100,0x00000006c9000000)
 Metaspace       used 24734K, capacity 26526K, committed 26624K, reserved 1073152K
  class space    used 3406K, capacity 3743K, committed 3840K, reserved 1048576K
Event: 1.656 GC heap after
Heap after GC invocations=4 (full 1):
 PSYoungGen      total 75776K, used 7710K [0x000000076b780000, 0x0000000772800000, 0x00000007c0000000)
  eden space 65024K, 0% used [0x000000076b780000,0x000000076b780000,0x000000076f700000)
  from space 10752K, 71% used [0x000000076f700000,0x000000076fe87a30,0x0000000770180000)
  to   space 10752K, 0% used [0x0000000771d80000,0x0000000771d80000,0x0000000772800000)
 ParOldGen       total 108544K, used 10112K [0x00000006c2600000, 0x00000006c9000000, 0x000000076b780000)
  object space 108544K, 9% used [0x00000006c2600000,0x00000006c2fe0100,0x00000006c9000000)
 Metaspace       used 24734K, capacity 26526K, committed 26624K, reserved 1073152K
  class space    used 3406K, capacity 3743K, committed 3840K, reserved 1048576K
}
Event: 2.021 GC heap before
{Heap before GC invocations=5 (full 1):
 PSYoungGen      total 75776K, used 72734K [0x000000076b780000, 0x0000000772800000, 0x00000007c0000000)
  eden space 65024K, 100% used [0x000000076b780000,0x000000076f700000,0x000000076f700000)
  from space 10752K, 71% used [0x000000076f700000,0x000000076fe87a30,0x0000000770180000)
  to   space 10752K, 0% used [0x0000000771d80000,0x0000000771d80000,0x0000000772800000)
 ParOldGen       total 108544K, used 10112K [0x00000006c2600000, 0x00000006c9000000, 0x000000076b780000)
  object space 108544K, 9% used [0x00000006c2600000,0x00000006c2fe0100,0x00000006c9000000)
 Metaspace       used 31021K, capacity 33088K, committed 33280K, reserved 1077248K
  class space    used 4204K, capacity 4600K, committed 4608K, reserved 1048576K
Event: 2.027 GC heap after
Heap after GC invocations=5 (full 1):
 PSYoungGen      total 104448K, used 9158K [0x000000076b780000, 0x0000000772880000, 0x00000007c0000000)
  eden space 93696K, 0% used [0x000000076b780000,0x000000076b780000,0x0000000771300000)
  from space 10752K, 85% used [0x0000000771d80000,0x0000000772671bf0,0x0000000772800000)
  to   space 10752K, 0% used [0x0000000771300000,0x0000000771300000,0x0000000771d80000)
 ParOldGen       total 108544K, used 10184K [0x00000006c2600000, 0x00000006c9000000, 0x000000076b780000)
  object space 108544K, 9% used [0x00000006c2600000,0x00000006c2ff2110,0x00000006c9000000)
 Metaspace       used 31021K, capacity 33088K, committed 33280K, reserved 1077248K
  class space    used 4204K, capacity 4600K, committed 4608K, reserved 1048576K
}
Event: 2.196 GC heap before
{Heap before GC invocations=6 (full 1):
 PSYoungGen      total 104448K, used 39746K [0x000000076b780000, 0x0000000772880000, 0x00000007c0000000)
  eden space 93696K, 32% used [0x000000076b780000,0x000000076d55ee98,0x0000000771300000)
  from space 10752K, 85% used [0x0000000771d80000,0x0000000772671bf0,0x0000000772800000)
  to   space 10752K, 0% used [0x0000000771300000,0x0000000771300000,0x0000000771d80000)
 ParOldGen       total 108544K, used 10184K [0x00000006c2600000, 0x00000006c9000000, 0x000000076b780000)
  object space 108544K, 9% used [0x00000006c2600000,0x00000006c2ff2110,0x00000006c9000000)
 Metaspace       used 33101K, capacity 35342K, committed 35456K, reserved 1079296K
  class space    used 4495K, capacity 4889K, committed 4992K, reserved 1048576K
Event: 2.201 GC heap after
Heap after GC invocations=6 (full 1):
 PSYoungGen      total 104448K, used 9444K [0x000000076b780000, 0x0000000775680000, 0x00000007c0000000)
  eden space 93696K, 0% used [0x000000076b780000,0x000000076b780000,0x0000000771300000)
  from space 10752K, 87% used [0x0000000771300000,0x0000000771c393b0,0x0000000771d80000)
  to   space 10752K, 0% used [0x0000000774c00000,0x0000000774c00000,0x0000000775680000)
 ParOldGen       total 108544K, used 10192K [0x00000006c2600000, 0x00000006c9000000, 0x000000076b780000)
  object space 108544K, 9% used [0x00000006c2600000,0x00000006c2ff4110,0x00000006c9000000)
 Metaspace       used 33101K, capacity 35342K, committed 35456K, reserved 1079296K
  class space    used 4495K, capacity 4889K, committed 4992K, reserved 1048576K
}
Event: 2.201 GC heap before
{Heap before GC invocations=7 (full 2):
 PSYoungGen      total 104448K, used 9444K [0x000000076b780000, 0x0000000775680000, 0x00000007c0000000)
  eden space 93696K, 0% used [0x000000076b780000,0x000000076b780000,0x0000000771300000)
  from space 10752K, 87% used [0x0000000771300000,0x0000000771c393b0,0x0000000771d80000)
  to   space 10752K, 0% used [0x0000000774c00000,0x0000000774c00000,0x0000000775680000)
 ParOldGen       total 108544K, used 10192K [0x00000006c2600000, 0x00000006c9000000, 0x000000076b780000)
  object space 108544K, 9% used [0x00000006c2600000,0x00000006c2ff4110,0x00000006c9000000)
 Metaspace       used 33101K, capacity 35342K, committed 35456K, reserved 1079296K
  class space    used 4495K, capacity 4889K, committed 4992K, reserved 1048576K
Event: 2.233 GC heap after
Heap after GC invocations=7 (full 2):
 PSYoungGen      total 104448K, used 0K [0x000000076b780000, 0x0000000775680000, 0x00000007c0000000)
  eden space 93696K, 0% used [0x000000076b780000,0x000000076b780000,0x0000000771300000)
  from space 10752K, 0% used [0x0000000771300000,0x0000000771300000,0x0000000771d80000)
  to   space 10752K, 0% used [0x0000000774c00000,0x0000000774c00000,0x0000000775680000)
 ParOldGen       total 169472K, used 14719K [0x00000006c2600000, 0x00000006ccb80000, 0x000000076b780000)
  object space 169472K, 8% used [0x00000006c2600000,0x00000006c345fc88,0x00000006ccb80000)
 Metaspace       used 33101K, capacity 35342K, committed 35456K, reserved 1079296K
  class space    used 4495K, capacity 4889K, committed 4992K, reserved 1048576K
}

